Looking for git in: git
Using git 2.26.2 from git
> git rev-parse --show-toplevel
> git rev-parse --git-dir
Open repository: /home/paimon/Documents/Coding/Web-Playground-
> git status -z -u
> git symbolic-ref --short HEAD
> git rev-parse master
> git rev-parse --symbolic-full-name master@{u}
> git rev-list --left-right master...refs/remotes/origin/master
> git for-each-ref --format %(refname) %(objectname) --sort -committerdate
> git remote --verbose
Failed to watch ref '/home/paimon/Documents/Coding/Web-Playground-/.git/refs/remotes/origin/master', is most likely packed.
Error: ENOENT: no such file or directory, watch '/home/paimon/Documents/Coding/Web-Playground-/.git/refs/remotes/origin/master'
	at FSWatcher.start (internal/fs/watchers.js:165:26)
	at Object.watch (fs.js:1270:11)
	at Object.t.watch (/opt/visual-studio-code/resources/app/extensions/git/dist/main.js:1:606659)
	at T.updateTransientWatchers (/opt/visual-studio-code/resources/app/extensions/git/dist/main.js:1:84393)
	at e.fire (/opt/visual-studio-code/resources/app/out/vs/workbench/services/extensions/node/extensionHostProcess.js:46:262)
	at e.updateModelState (/opt/visual-studio-code/resources/app/extensions/git/dist/main.js:1:103799)
> git config --get commit.template
> git check-ignore -v -z --stdin
> git show :code/index.html
> git ls-files --stage -- /home/paimon/Documents/Coding/Web-Playground-/code/index.html
> git cat-file -s 92f07237fb24d413c6aa2bc2862bad91daf8f3be
> git show :code/index.html
> git ls-files --stage -- /home/paimon/Documents/Coding/Web-Playground-/code/index.html
> git cat-file -s 92f07237fb24d413c6aa2bc2862bad91daf8f3be
> git status -z -u
> git symbolic-ref --short HEAD
> git rev-parse master
> git rev-parse --symbolic-full-name master@{u}
> git rev-list --left-right master...refs/remotes/origin/master
> git for-each-ref --format %(refname) %(objectname) --sort -committerdate
> git remote --verbose
Failed to watch ref '/home/paimon/Documents/Coding/Web-Playground-/.git/refs/remotes/origin/master', is most likely packed.
Error: ENOENT: no such file or directory, watch '/home/paimon/Documents/Coding/Web-Playground-/.git/refs/remotes/origin/master'
	at FSWatcher.start (internal/fs/watchers.js:165:26)
	at Object.watch (fs.js:1270:11)
	at Object.t.watch (/opt/visual-studio-code/resources/app/extensions/git/dist/main.js:1:606659)
	at T.updateTransientWatchers (/opt/visual-studio-code/resources/app/extensions/git/dist/main.js:1:84393)
	at e.fire (/opt/visual-studio-code/resources/app/out/vs/workbench/services/extensions/node/extensionHostProcess.js:46:262)
	at e.updateModelState (/opt/visual-studio-code/resources/app/extensions/git/dist/main.js:1:103799)
> git config --get commit.template
> git check-ignore -v -z --stdin
> git show :code/css/modal-animation.scss
> git ls-files --stage -- /home/paimon/Documents/Coding/Web-Playground-/code/css/modal-animation.scss
> git cat-file -s 6fd55f504520e683e4fe169e2f29378b1c6c0c41
> git check-ignore -v -z --stdin
> git show :code/css/style.css
> git ls-files --stage -- /home/paimon/Documents/Coding/Web-Playground-/code/css/style.css
> git cat-file -s accbb6cb6d7f799d3fb415d0d365c54800d59e11
> git status -z -u
> git symbolic-ref --short HEAD
> git rev-parse master
> git rev-parse --symbolic-full-name master@{u}
> git rev-list --left-right master...refs/remotes/origin/master
> git for-each-ref --format %(refname) %(objectname) --sort -committerdate
> git remote --verbose
Failed to watch ref '/home/paimon/Documents/Coding/Web-Playground-/.git/refs/remotes/origin/master', is most likely packed.
Error: ENOENT: no such file or directory, watch '/home/paimon/Documents/Coding/Web-Playground-/.git/refs/remotes/origin/master'
	at FSWatcher.start (internal/fs/watchers.js:165:26)
	at Object.watch (fs.js:1270:11)
	at Object.t.watch (/opt/visual-studio-code/resources/app/extensions/git/dist/main.js:1:606659)
	at T.updateTransientWatchers (/opt/visual-studio-code/resources/app/extensions/git/dist/main.js:1:84393)
	at e.fire (/opt/visual-studio-code/resources/app/out/vs/workbench/services/extensions/node/extensionHostProcess.js:46:262)
	at e.updateModelState (/opt/visual-studio-code/resources/app/extensions/git/dist/main.js:1:103799)
> git config --get commit.template
> git show :code/index.html
> git ls-files --stage -- /home/paimon/Documents/Coding/Web-Playground-/code/index.html
> git cat-file -s 92f07237fb24d413c6aa2bc2862bad91daf8f3be
> git show :code/css/style.css
> git ls-files --stage -- /home/paimon/Documents/Coding/Web-Playground-/code/css/style.css
> git cat-file -s accbb6cb6d7f799d3fb415d0d365c54800d59e11
> git status -z -u
> git symbolic-ref --short HEAD
> git rev-parse master
> git rev-parse --symbolic-full-name master@{u}
> git rev-list --left-right master...refs/remotes/origin/master
> git for-each-ref --format %(refname) %(objectname) --sort -committerdate
> git remote --verbose
Failed to watch ref '/home/paimon/Documents/Coding/Web-Playground-/.git/refs/remotes/origin/master', is most likely packed.
Error: ENOENT: no such file or directory, watch '/home/paimon/Documents/Coding/Web-Playground-/.git/refs/remotes/origin/master'
	at FSWatcher.start (internal/fs/watchers.js:165:26)
	at Object.watch (fs.js:1270:11)
	at Object.t.watch (/opt/visual-studio-code/resources/app/extensions/git/dist/main.js:1:606659)
	at T.updateTransientWatchers (/opt/visual-studio-code/resources/app/extensions/git/dist/main.js:1:84393)
	at e.fire (/opt/visual-studio-code/resources/app/out/vs/workbench/services/extensions/node/extensionHostProcess.js:46:262)
	at e.updateModelState (/opt/visual-studio-code/resources/app/extensions/git/dist/main.js:1:103799)
> git config --get commit.template
> git show :code/css/modal-animation.scss
> git ls-files --stage -- /home/paimon/Documents/Coding/Web-Playground-/code/css/modal-animation.scss
> git cat-file -s 6fd55f504520e683e4fe169e2f29378b1c6c0c41
> git show :code/css/style.css
> git ls-files --stage -- /home/paimon/Documents/Coding/Web-Playground-/code/css/style.css
> git cat-file -s accbb6cb6d7f799d3fb415d0d365c54800d59e11
> git show :code/index.html
> git ls-files --stage -- /home/paimon/Documents/Coding/Web-Playground-/code/index.html
> git cat-file -s 92f07237fb24d413c6aa2bc2862bad91daf8f3be
> git status -z -u
> git symbolic-ref --short HEAD
> git rev-parse master
> git rev-parse --symbolic-full-name master@{u}
> git rev-list --left-right master...refs/remotes/origin/master
> git for-each-ref --format %(refname) %(objectname) --sort -committerdate
> git remote --verbose
Failed to watch ref '/home/paimon/Documents/Coding/Web-Playground-/.git/refs/remotes/origin/master', is most likely packed.
Error: ENOENT: no such file or directory, watch '/home/paimon/Documents/Coding/Web-Playground-/.git/refs/remotes/origin/master'
	at FSWatcher.start (internal/fs/watchers.js:165:26)
	at Object.watch (fs.js:1270:11)
	at Object.t.watch (/opt/visual-studio-code/resources/app/extensions/git/dist/main.js:1:606659)
	at T.updateTransientWatchers (/opt/visual-studio-code/resources/app/extensions/git/dist/main.js:1:84393)
	at e.fire (/opt/visual-studio-code/resources/app/out/vs/workbench/services/extensions/node/extensionHostProcess.js:46:262)
	at e.updateModelState (/opt/visual-studio-code/resources/app/extensions/git/dist/main.js:1:103799)
> git config --get commit.template
> git show :code/css/style.css
> git ls-files --stage -- /home/paimon/Documents/Coding/Web-Playground-/code/css/style.css
> git cat-file -s accbb6cb6d7f799d3fb415d0d365c54800d59e11
> git status -z -u
> git symbolic-ref --short HEAD
> git rev-parse master
> git rev-parse --symbolic-full-name master@{u}
> git rev-list --left-right master...refs/remotes/origin/master
> git for-each-ref --format %(refname) %(objectname) --sort -committerdate
> git remote --verbose
Failed to watch ref '/home/paimon/Documents/Coding/Web-Playground-/.git/refs/remotes/origin/master', is most likely packed.
Error: ENOENT: no such file or directory, watch '/home/paimon/Documents/Coding/Web-Playground-/.git/refs/remotes/origin/master'
	at FSWatcher.start (internal/fs/watchers.js:165:26)
	at Object.watch (fs.js:1270:11)
	at Object.t.watch (/opt/visual-studio-code/resources/app/extensions/git/dist/main.js:1:606659)
	at T.updateTransientWatchers (/opt/visual-studio-code/resources/app/extensions/git/dist/main.js:1:84393)
	at e.fire (/opt/visual-studio-code/resources/app/out/vs/workbench/services/extensions/node/extensionHostProcess.js:46:262)
	at e.updateModelState (/opt/visual-studio-code/resources/app/extensions/git/dist/main.js:1:103799)
> git config --get commit.template
> git status -z -u
> git symbolic-ref --short HEAD
> git rev-parse master
> git rev-parse --symbolic-full-name master@{u}
> git rev-list --left-right master...refs/remotes/origin/master
> git for-each-ref --format %(refname) %(objectname) --sort -committerdate
> git remote --verbose
Failed to watch ref '/home/paimon/Documents/Coding/Web-Playground-/.git/refs/remotes/origin/master', is most likely packed.
Error: ENOENT: no such file or directory, watch '/home/paimon/Documents/Coding/Web-Playground-/.git/refs/remotes/origin/master'
	at FSWatcher.start (internal/fs/watchers.js:165:26)
	at Object.watch (fs.js:1270:11)
	at Object.t.watch (/opt/visual-studio-code/resources/app/extensions/git/dist/main.js:1:606659)
	at T.updateTransientWatchers (/opt/visual-studio-code/resources/app/extensions/git/dist/main.js:1:84393)
	at e.fire (/opt/visual-studio-code/resources/app/out/vs/workbench/services/extensions/node/extensionHostProcess.js:46:262)
	at e.updateModelState (/opt/visual-studio-code/resources/app/extensions/git/dist/main.js:1:103799)
> git config --get commit.template
> git status -z -u
> git symbolic-ref --short HEAD
> git rev-parse master
> git rev-parse --symbolic-full-name master@{u}
> git rev-list --left-right master...refs/remotes/origin/master
> git for-each-ref --format %(refname) %(objectname) --sort -committerdate
> git remote --verbose
Failed to watch ref '/home/paimon/Documents/Coding/Web-Playground-/.git/refs/remotes/origin/master', is most likely packed.
Error: ENOENT: no such file or directory, watch '/home/paimon/Documents/Coding/Web-Playground-/.git/refs/remotes/origin/master'
	at FSWatcher.start (internal/fs/watchers.js:165:26)
	at Object.watch (fs.js:1270:11)
	at Object.t.watch (/opt/visual-studio-code/resources/app/extensions/git/dist/main.js:1:606659)
	at T.updateTransientWatchers (/opt/visual-studio-code/resources/app/extensions/git/dist/main.js:1:84393)
	at e.fire (/opt/visual-studio-code/resources/app/out/vs/workbench/services/extensions/node/extensionHostProcess.js:46:262)
	at e.updateModelState (/opt/visual-studio-code/resources/app/extensions/git/dist/main.js:1:103799)
> git config --get commit.template
> git status -z -u
> git symbolic-ref --short HEAD
> git rev-parse master
> git rev-parse --symbolic-full-name master@{u}
> git rev-list --left-right master...refs/remotes/origin/master
> git for-each-ref --format %(refname) %(objectname) --sort -committerdate
> git remote --verbose
Failed to watch ref '/home/paimon/Documents/Coding/Web-Playground-/.git/refs/remotes/origin/master', is most likely packed.
Error: ENOENT: no such file or directory, watch '/home/paimon/Documents/Coding/Web-Playground-/.git/refs/remotes/origin/master'
	at FSWatcher.start (internal/fs/watchers.js:165:26)
	at Object.watch (fs.js:1270:11)
	at Object.t.watch (/opt/visual-studio-code/resources/app/extensions/git/dist/main.js:1:606659)
	at T.updateTransientWatchers (/opt/visual-studio-code/resources/app/extensions/git/dist/main.js:1:84393)
	at e.fire (/opt/visual-studio-code/resources/app/out/vs/workbench/services/extensions/node/extensionHostProcess.js:46:262)
	at e.updateModelState (/opt/visual-studio-code/resources/app/extensions/git/dist/main.js:1:103799)
> git config --get commit.template
> git status -z -u
> git symbolic-ref --short HEAD
> git rev-parse master
> git rev-parse --symbolic-full-name master@{u}
> git rev-list --left-right master...refs/remotes/origin/master
> git for-each-ref --format %(refname) %(objectname) --sort -committerdate
> git remote --verbose
Failed to watch ref '/home/paimon/Documents/Coding/Web-Playground-/.git/refs/remotes/origin/master', is most likely packed.
Error: ENOENT: no such file or directory, watch '/home/paimon/Documents/Coding/Web-Playground-/.git/refs/remotes/origin/master'
	at FSWatcher.start (internal/fs/watchers.js:165:26)
	at Object.watch (fs.js:1270:11)
	at Object.t.watch (/opt/visual-studio-code/resources/app/extensions/git/dist/main.js:1:606659)
	at T.updateTransientWatchers (/opt/visual-studio-code/resources/app/extensions/git/dist/main.js:1:84393)
	at e.fire (/opt/visual-studio-code/resources/app/out/vs/workbench/services/extensions/node/extensionHostProcess.js:46:262)
	at e.updateModelState (/opt/visual-studio-code/resources/app/extensions/git/dist/main.js:1:103799)
> git config --get commit.template
> git status -z -u
> git symbolic-ref --short HEAD
> git rev-parse master
> git rev-parse --symbolic-full-name master@{u}
> git rev-list --left-right master...refs/remotes/origin/master
> git for-each-ref --format %(refname) %(objectname) --sort -committerdate
> git remote --verbose
Failed to watch ref '/home/paimon/Documents/Coding/Web-Playground-/.git/refs/remotes/origin/master', is most likely packed.
Error: ENOENT: no such file or directory, watch '/home/paimon/Documents/Coding/Web-Playground-/.git/refs/remotes/origin/master'
	at FSWatcher.start (internal/fs/watchers.js:165:26)
	at Object.watch (fs.js:1270:11)
	at Object.t.watch (/opt/visual-studio-code/resources/app/extensions/git/dist/main.js:1:606659)
	at T.updateTransientWatchers (/opt/visual-studio-code/resources/app/extensions/git/dist/main.js:1:84393)
	at e.fire (/opt/visual-studio-code/resources/app/out/vs/workbench/services/extensions/node/extensionHostProcess.js:46:262)
	at e.updateModelState (/opt/visual-studio-code/resources/app/extensions/git/dist/main.js:1:103799)
> git config --get commit.template
> git status -z -u
> git symbolic-ref --short HEAD
> git rev-parse master
> git rev-parse --symbolic-full-name master@{u}
> git rev-list --left-right master...refs/remotes/origin/master
> git for-each-ref --format %(refname) %(objectname) --sort -committerdate
> git remote --verbose
Failed to watch ref '/home/paimon/Documents/Coding/Web-Playground-/.git/refs/remotes/origin/master', is most likely packed.
Error: ENOENT: no such file or directory, watch '/home/paimon/Documents/Coding/Web-Playground-/.git/refs/remotes/origin/master'
	at FSWatcher.start (internal/fs/watchers.js:165:26)
	at Object.watch (fs.js:1270:11)
	at Object.t.watch (/opt/visual-studio-code/resources/app/extensions/git/dist/main.js:1:606659)
	at T.updateTransientWatchers (/opt/visual-studio-code/resources/app/extensions/git/dist/main.js:1:84393)
	at e.fire (/opt/visual-studio-code/resources/app/out/vs/workbench/services/extensions/node/extensionHostProcess.js:46:262)
	at e.updateModelState (/opt/visual-studio-code/resources/app/extensions/git/dist/main.js:1:103799)
> git config --get commit.template
> git status -z -u
> git symbolic-ref --short HEAD
> git rev-parse master
> git rev-parse --symbolic-full-name master@{u}
> git rev-list --left-right master...refs/remotes/origin/master
> git for-each-ref --format %(refname) %(objectname) --sort -committerdate
> git remote --verbose
Failed to watch ref '/home/paimon/Documents/Coding/Web-Playground-/.git/refs/remotes/origin/master', is most likely packed.
Error: ENOENT: no such file or directory, watch '/home/paimon/Documents/Coding/Web-Playground-/.git/refs/remotes/origin/master'
	at FSWatcher.start (internal/fs/watchers.js:165:26)
	at Object.watch (fs.js:1270:11)
	at Object.t.watch (/opt/visual-studio-code/resources/app/extensions/git/dist/main.js:1:606659)
	at T.updateTransientWatchers (/opt/visual-studio-code/resources/app/extensions/git/dist/main.js:1:84393)
	at e.fire (/opt/visual-studio-code/resources/app/out/vs/workbench/services/extensions/node/extensionHostProcess.js:46:262)
	at e.updateModelState (/opt/visual-studio-code/resources/app/extensions/git/dist/main.js:1:103799)
> git config --get commit.template
> git show :code/index.html
> git ls-files --stage -- /home/paimon/Documents/Coding/Web-Playground-/code/index.html
> git cat-file -s 92f07237fb24d413c6aa2bc2862bad91daf8f3be
> git status -z -u
> git symbolic-ref --short HEAD
> git rev-parse master
> git rev-parse --symbolic-full-name master@{u}
> git rev-list --left-right master...refs/remotes/origin/master
> git for-each-ref --format %(refname) %(objectname) --sort -committerdate
> git remote --verbose
Failed to watch ref '/home/paimon/Documents/Coding/Web-Playground-/.git/refs/remotes/origin/master', is most likely packed.
Error: ENOENT: no such file or directory, watch '/home/paimon/Documents/Coding/Web-Playground-/.git/refs/remotes/origin/master'
	at FSWatcher.start (internal/fs/watchers.js:165:26)
	at Object.watch (fs.js:1270:11)
	at Object.t.watch (/opt/visual-studio-code/resources/app/extensions/git/dist/main.js:1:606659)
	at T.updateTransientWatchers (/opt/visual-studio-code/resources/app/extensions/git/dist/main.js:1:84393)
	at e.fire (/opt/visual-studio-code/resources/app/out/vs/workbench/services/extensions/node/extensionHostProcess.js:46:262)
	at e.updateModelState (/opt/visual-studio-code/resources/app/extensions/git/dist/main.js:1:103799)
> git config --get commit.template
> git show :code/css/style.css
> git ls-files --stage -- /home/paimon/Documents/Coding/Web-Playground-/code/css/style.css
> git cat-file -s accbb6cb6d7f799d3fb415d0d365c54800d59e11
> git status -z -u
> git symbolic-ref --short HEAD
> git rev-parse master
> git rev-parse --symbolic-full-name master@{u}
> git rev-list --left-right master...refs/remotes/origin/master
> git for-each-ref --format %(refname) %(objectname) --sort -committerdate
> git remote --verbose
Failed to watch ref '/home/paimon/Documents/Coding/Web-Playground-/.git/refs/remotes/origin/master', is most likely packed.
Error: ENOENT: no such file or directory, watch '/home/paimon/Documents/Coding/Web-Playground-/.git/refs/remotes/origin/master'
	at FSWatcher.start (internal/fs/watchers.js:165:26)
	at Object.watch (fs.js:1270:11)
	at Object.t.watch (/opt/visual-studio-code/resources/app/extensions/git/dist/main.js:1:606659)
	at T.updateTransientWatchers (/opt/visual-studio-code/resources/app/extensions/git/dist/main.js:1:84393)
	at e.fire (/opt/visual-studio-code/resources/app/out/vs/workbench/services/extensions/node/extensionHostProcess.js:46:262)
	at e.updateModelState (/opt/visual-studio-code/resources/app/extensions/git/dist/main.js:1:103799)
> git config --get commit.template
> git status -z -u
> git symbolic-ref --short HEAD
> git rev-parse master
> git rev-parse --symbolic-full-name master@{u}
> git rev-list --left-right master...refs/remotes/origin/master
> git for-each-ref --format %(refname) %(objectname) --sort -committerdate
> git remote --verbose
Failed to watch ref '/home/paimon/Documents/Coding/Web-Playground-/.git/refs/remotes/origin/master', is most likely packed.
Error: ENOENT: no such file or directory, watch '/home/paimon/Documents/Coding/Web-Playground-/.git/refs/remotes/origin/master'
	at FSWatcher.start (internal/fs/watchers.js:165:26)
	at Object.watch (fs.js:1270:11)
	at Object.t.watch (/opt/visual-studio-code/resources/app/extensions/git/dist/main.js:1:606659)
	at T.updateTransientWatchers (/opt/visual-studio-code/resources/app/extensions/git/dist/main.js:1:84393)
	at e.fire (/opt/visual-studio-code/resources/app/out/vs/workbench/services/extensions/node/extensionHostProcess.js:46:262)
	at e.updateModelState (/opt/visual-studio-code/resources/app/extensions/git/dist/main.js:1:103799)
> git config --get commit.template
> git status -z -u
> git symbolic-ref --short HEAD
> git rev-parse master
> git rev-parse --symbolic-full-name master@{u}
> git rev-list --left-right master...refs/remotes/origin/master
> git for-each-ref --format %(refname) %(objectname) --sort -committerdate
> git remote --verbose
Failed to watch ref '/home/paimon/Documents/Coding/Web-Playground-/.git/refs/remotes/origin/master', is most likely packed.
Error: ENOENT: no such file or directory, watch '/home/paimon/Documents/Coding/Web-Playground-/.git/refs/remotes/origin/master'
	at FSWatcher.start (internal/fs/watchers.js:165:26)
	at Object.watch (fs.js:1270:11)
	at Object.t.watch (/opt/visual-studio-code/resources/app/extensions/git/dist/main.js:1:606659)
	at T.updateTransientWatchers (/opt/visual-studio-code/resources/app/extensions/git/dist/main.js:1:84393)
	at e.fire (/opt/visual-studio-code/resources/app/out/vs/workbench/services/extensions/node/extensionHostProcess.js:46:262)
	at e.updateModelState (/opt/visual-studio-code/resources/app/extensions/git/dist/main.js:1:103799)
> git config --get commit.template
> git status -z -u
> git symbolic-ref --short HEAD
> git rev-parse master
> git rev-parse --symbolic-full-name master@{u}
> git rev-list --left-right master...refs/remotes/origin/master
> git for-each-ref --format %(refname) %(objectname) --sort -committerdate
> git remote --verbose
Failed to watch ref '/home/paimon/Documents/Coding/Web-Playground-/.git/refs/remotes/origin/master', is most likely packed.
Error: ENOENT: no such file or directory, watch '/home/paimon/Documents/Coding/Web-Playground-/.git/refs/remotes/origin/master'
	at FSWatcher.start (internal/fs/watchers.js:165:26)
	at Object.watch (fs.js:1270:11)
	at Object.t.watch (/opt/visual-studio-code/resources/app/extensions/git/dist/main.js:1:606659)
	at T.updateTransientWatchers (/opt/visual-studio-code/resources/app/extensions/git/dist/main.js:1:84393)
	at e.fire (/opt/visual-studio-code/resources/app/out/vs/workbench/services/extensions/node/extensionHostProcess.js:46:262)
	at e.updateModelState (/opt/visual-studio-code/resources/app/extensions/git/dist/main.js:1:103799)
> git config --get commit.template
> git status -z -u
> git symbolic-ref --short HEAD
> git rev-parse master
> git rev-parse --symbolic-full-name master@{u}
> git rev-list --left-right master...refs/remotes/origin/master
> git for-each-ref --format %(refname) %(objectname) --sort -committerdate
> git remote --verbose
Failed to watch ref '/home/paimon/Documents/Coding/Web-Playground-/.git/refs/remotes/origin/master', is most likely packed.
Error: ENOENT: no such file or directory, watch '/home/paimon/Documents/Coding/Web-Playground-/.git/refs/remotes/origin/master'
	at FSWatcher.start (internal/fs/watchers.js:165:26)
	at Object.watch (fs.js:1270:11)
	at Object.t.watch (/opt/visual-studio-code/resources/app/extensions/git/dist/main.js:1:606659)
	at T.updateTransientWatchers (/opt/visual-studio-code/resources/app/extensions/git/dist/main.js:1:84393)
	at e.fire (/opt/visual-studio-code/resources/app/out/vs/workbench/services/extensions/node/extensionHostProcess.js:46:262)
	at e.updateModelState (/opt/visual-studio-code/resources/app/extensions/git/dist/main.js:1:103799)
> git config --get commit.template
> git status -z -u
> git symbolic-ref --short HEAD
> git rev-parse master
> git rev-parse --symbolic-full-name master@{u}
> git rev-list --left-right master...refs/remotes/origin/master
> git for-each-ref --format %(refname) %(objectname) --sort -committerdate
> git remote --verbose
Failed to watch ref '/home/paimon/Documents/Coding/Web-Playground-/.git/refs/remotes/origin/master', is most likely packed.
Error: ENOENT: no such file or directory, watch '/home/paimon/Documents/Coding/Web-Playground-/.git/refs/remotes/origin/master'
	at FSWatcher.start (internal/fs/watchers.js:165:26)
	at Object.watch (fs.js:1270:11)
	at Object.t.watch (/opt/visual-studio-code/resources/app/extensions/git/dist/main.js:1:606659)
	at T.updateTransientWatchers (/opt/visual-studio-code/resources/app/extensions/git/dist/main.js:1:84393)
	at e.fire (/opt/visual-studio-code/resources/app/out/vs/workbench/services/extensions/node/extensionHostProcess.js:46:262)
	at e.updateModelState (/opt/visual-studio-code/resources/app/extensions/git/dist/main.js:1:103799)
> git config --get commit.template
> git status -z -u
> git symbolic-ref --short HEAD
> git rev-parse master
> git rev-parse --symbolic-full-name master@{u}
> git rev-list --left-right master...refs/remotes/origin/master
> git for-each-ref --format %(refname) %(objectname) --sort -committerdate
> git remote --verbose
Failed to watch ref '/home/paimon/Documents/Coding/Web-Playground-/.git/refs/remotes/origin/master', is most likely packed.
Error: ENOENT: no such file or directory, watch '/home/paimon/Documents/Coding/Web-Playground-/.git/refs/remotes/origin/master'
	at FSWatcher.start (internal/fs/watchers.js:165:26)
	at Object.watch (fs.js:1270:11)
	at Object.t.watch (/opt/visual-studio-code/resources/app/extensions/git/dist/main.js:1:606659)
	at T.updateTransientWatchers (/opt/visual-studio-code/resources/app/extensions/git/dist/main.js:1:84393)
	at e.fire (/opt/visual-studio-code/resources/app/out/vs/workbench/services/extensions/node/extensionHostProcess.js:46:262)
	at e.updateModelState (/opt/visual-studio-code/resources/app/extensions/git/dist/main.js:1:103799)
> git config --get commit.template
> git status -z -u
> git symbolic-ref --short HEAD
> git rev-parse master
> git rev-parse --symbolic-full-name master@{u}
> git rev-list --left-right master...refs/remotes/origin/master
> git for-each-ref --format %(refname) %(objectname) --sort -committerdate
> git remote --verbose
Failed to watch ref '/home/paimon/Documents/Coding/Web-Playground-/.git/refs/remotes/origin/master', is most likely packed.
Error: ENOENT: no such file or directory, watch '/home/paimon/Documents/Coding/Web-Playground-/.git/refs/remotes/origin/master'
	at FSWatcher.start (internal/fs/watchers.js:165:26)
	at Object.watch (fs.js:1270:11)
	at Object.t.watch (/opt/visual-studio-code/resources/app/extensions/git/dist/main.js:1:606659)
	at T.updateTransientWatchers (/opt/visual-studio-code/resources/app/extensions/git/dist/main.js:1:84393)
	at e.fire (/opt/visual-studio-code/resources/app/out/vs/workbench/services/extensions/node/extensionHostProcess.js:46:262)
	at e.updateModelState (/opt/visual-studio-code/resources/app/extensions/git/dist/main.js:1:103799)
> git config --get commit.template
> git status -z -u
> git symbolic-ref --short HEAD
> git rev-parse master
> git rev-parse --symbolic-full-name master@{u}
> git rev-list --left-right master...refs/remotes/origin/master
> git for-each-ref --format %(refname) %(objectname) --sort -committerdate
> git remote --verbose
Failed to watch ref '/home/paimon/Documents/Coding/Web-Playground-/.git/refs/remotes/origin/master', is most likely packed.
Error: ENOENT: no such file or directory, watch '/home/paimon/Documents/Coding/Web-Playground-/.git/refs/remotes/origin/master'
	at FSWatcher.start (internal/fs/watchers.js:165:26)
	at Object.watch (fs.js:1270:11)
	at Object.t.watch (/opt/visual-studio-code/resources/app/extensions/git/dist/main.js:1:606659)
	at T.updateTransientWatchers (/opt/visual-studio-code/resources/app/extensions/git/dist/main.js:1:84393)
	at e.fire (/opt/visual-studio-code/resources/app/out/vs/workbench/services/extensions/node/extensionHostProcess.js:46:262)
	at e.updateModelState (/opt/visual-studio-code/resources/app/extensions/git/dist/main.js:1:103799)
	at runMicrotasks (<anonymous>)
	at processTicksAndRejections (internal/process/task_queues.js:85:5)
> git config --get commit.template
> git status -z -u
> git symbolic-ref --short HEAD
> git rev-parse master
> git rev-parse --symbolic-full-name master@{u}
> git rev-list --left-right master...refs/remotes/origin/master
> git for-each-ref --format %(refname) %(objectname) --sort -committerdate
> git remote --verbose
Failed to watch ref '/home/paimon/Documents/Coding/Web-Playground-/.git/refs/remotes/origin/master', is most likely packed.
Error: ENOENT: no such file or directory, watch '/home/paimon/Documents/Coding/Web-Playground-/.git/refs/remotes/origin/master'
	at FSWatcher.start (internal/fs/watchers.js:165:26)
	at Object.watch (fs.js:1270:11)
	at Object.t.watch (/opt/visual-studio-code/resources/app/extensions/git/dist/main.js:1:606659)
	at T.updateTransientWatchers (/opt/visual-studio-code/resources/app/extensions/git/dist/main.js:1:84393)
	at e.fire (/opt/visual-studio-code/resources/app/out/vs/workbench/services/extensions/node/extensionHostProcess.js:46:262)
	at e.updateModelState (/opt/visual-studio-code/resources/app/extensions/git/dist/main.js:1:103799)
> git config --get commit.template
> git status -z -u
> git symbolic-ref --short HEAD
> git rev-parse master
> git rev-parse --symbolic-full-name master@{u}
> git rev-list --left-right master...refs/remotes/origin/master
> git for-each-ref --format %(refname) %(objectname) --sort -committerdate
> git remote --verbose
Failed to watch ref '/home/paimon/Documents/Coding/Web-Playground-/.git/refs/remotes/origin/master', is most likely packed.
Error: ENOENT: no such file or directory, watch '/home/paimon/Documents/Coding/Web-Playground-/.git/refs/remotes/origin/master'
	at FSWatcher.start (internal/fs/watchers.js:165:26)
	at Object.watch (fs.js:1270:11)
	at Object.t.watch (/opt/visual-studio-code/resources/app/extensions/git/dist/main.js:1:606659)
	at T.updateTransientWatchers (/opt/visual-studio-code/resources/app/extensions/git/dist/main.js:1:84393)
	at e.fire (/opt/visual-studio-code/resources/app/out/vs/workbench/services/extensions/node/extensionHostProcess.js:46:262)
	at e.updateModelState (/opt/visual-studio-code/resources/app/extensions/git/dist/main.js:1:103799)
> git config --get commit.template
> git status -z -u
> git symbolic-ref --short HEAD
> git rev-parse master
> git rev-parse --symbolic-full-name master@{u}
> git rev-list --left-right master...refs/remotes/origin/master
> git for-each-ref --format %(refname) %(objectname) --sort -committerdate
> git remote --verbose
Failed to watch ref '/home/paimon/Documents/Coding/Web-Playground-/.git/refs/remotes/origin/master', is most likely packed.
Error: ENOENT: no such file or directory, watch '/home/paimon/Documents/Coding/Web-Playground-/.git/refs/remotes/origin/master'
	at FSWatcher.start (internal/fs/watchers.js:165:26)
	at Object.watch (fs.js:1270:11)
	at Object.t.watch (/opt/visual-studio-code/resources/app/extensions/git/dist/main.js:1:606659)
	at T.updateTransientWatchers (/opt/visual-studio-code/resources/app/extensions/git/dist/main.js:1:84393)
	at e.fire (/opt/visual-studio-code/resources/app/out/vs/workbench/services/extensions/node/extensionHostProcess.js:46:262)
	at e.updateModelState (/opt/visual-studio-code/resources/app/extensions/git/dist/main.js:1:103799)
> git config --get commit.template
> git status -z -u
> git symbolic-ref --short HEAD
> git rev-parse master
> git rev-parse --symbolic-full-name master@{u}
> git rev-list --left-right master...refs/remotes/origin/master
> git for-each-ref --format %(refname) %(objectname) --sort -committerdate
> git remote --verbose
Failed to watch ref '/home/paimon/Documents/Coding/Web-Playground-/.git/refs/remotes/origin/master', is most likely packed.
Error: ENOENT: no such file or directory, watch '/home/paimon/Documents/Coding/Web-Playground-/.git/refs/remotes/origin/master'
	at FSWatcher.start (internal/fs/watchers.js:165:26)
	at Object.watch (fs.js:1270:11)
	at Object.t.watch (/opt/visual-studio-code/resources/app/extensions/git/dist/main.js:1:606659)
	at T.updateTransientWatchers (/opt/visual-studio-code/resources/app/extensions/git/dist/main.js:1:84393)
	at e.fire (/opt/visual-studio-code/resources/app/out/vs/workbench/services/extensions/node/extensionHostProcess.js:46:262)
	at e.updateModelState (/opt/visual-studio-code/resources/app/extensions/git/dist/main.js:1:103799)
> git config --get commit.template
> git show :code/script.js
> git ls-files --stage -- /home/paimon/Documents/Coding/Web-Playground-/code/script.js
> git cat-file -s 9174e953e41ee030cf9a140963733ef72cccaed4
> git show :code/index.html
> git ls-files --stage -- /home/paimon/Documents/Coding/Web-Playground-/code/index.html
> git cat-file -s 92f07237fb24d413c6aa2bc2862bad91daf8f3be
> git status -z -u
> git symbolic-ref --short HEAD
> git rev-parse master
> git rev-parse --symbolic-full-name master@{u}
> git rev-list --left-right master...refs/remotes/origin/master
> git for-each-ref --format %(refname) %(objectname) --sort -committerdate
> git remote --verbose
Failed to watch ref '/home/paimon/Documents/Coding/Web-Playground-/.git/refs/remotes/origin/master', is most likely packed.
Error: ENOENT: no such file or directory, watch '/home/paimon/Documents/Coding/Web-Playground-/.git/refs/remotes/origin/master'
	at FSWatcher.start (internal/fs/watchers.js:165:26)
	at Object.watch (fs.js:1270:11)
	at Object.t.watch (/opt/visual-studio-code/resources/app/extensions/git/dist/main.js:1:606659)
	at T.updateTransientWatchers (/opt/visual-studio-code/resources/app/extensions/git/dist/main.js:1:84393)
	at e.fire (/opt/visual-studio-code/resources/app/out/vs/workbench/services/extensions/node/extensionHostProcess.js:46:262)
	at e.updateModelState (/opt/visual-studio-code/resources/app/extensions/git/dist/main.js:1:103799)
> git config --get commit.template
> git status -z -u
> git symbolic-ref --short HEAD
> git rev-parse master
> git rev-parse --symbolic-full-name master@{u}
> git rev-list --left-right master...refs/remotes/origin/master
> git for-each-ref --format %(refname) %(objectname) --sort -committerdate
> git remote --verbose
Failed to watch ref '/home/paimon/Documents/Coding/Web-Playground-/.git/refs/remotes/origin/master', is most likely packed.
Error: ENOENT: no such file or directory, watch '/home/paimon/Documents/Coding/Web-Playground-/.git/refs/remotes/origin/master'
	at FSWatcher.start (internal/fs/watchers.js:165:26)
	at Object.watch (fs.js:1270:11)
	at Object.t.watch (/opt/visual-studio-code/resources/app/extensions/git/dist/main.js:1:606659)
	at T.updateTransientWatchers (/opt/visual-studio-code/resources/app/extensions/git/dist/main.js:1:84393)
	at e.fire (/opt/visual-studio-code/resources/app/out/vs/workbench/services/extensions/node/extensionHostProcess.js:46:262)
	at e.updateModelState (/opt/visual-studio-code/resources/app/extensions/git/dist/main.js:1:103799)
> git config --get commit.template
> git show :code/css/style.css
> git ls-files --stage -- /home/paimon/Documents/Coding/Web-Playground-/code/css/style.css
> git cat-file -s accbb6cb6d7f799d3fb415d0d365c54800d59e11
> git status -z -u
> git symbolic-ref --short HEAD
> git rev-parse master
> git rev-parse --symbolic-full-name master@{u}
> git rev-list --left-right master...refs/remotes/origin/master
> git for-each-ref --format %(refname) %(objectname) --sort -committerdate
> git remote --verbose
Failed to watch ref '/home/paimon/Documents/Coding/Web-Playground-/.git/refs/remotes/origin/master', is most likely packed.
Error: ENOENT: no such file or directory, watch '/home/paimon/Documents/Coding/Web-Playground-/.git/refs/remotes/origin/master'
	at FSWatcher.start (internal/fs/watchers.js:165:26)
	at Object.watch (fs.js:1270:11)
	at Object.t.watch (/opt/visual-studio-code/resources/app/extensions/git/dist/main.js:1:606659)
	at T.updateTransientWatchers (/opt/visual-studio-code/resources/app/extensions/git/dist/main.js:1:84393)
	at e.fire (/opt/visual-studio-code/resources/app/out/vs/workbench/services/extensions/node/extensionHostProcess.js:46:262)
	at e.updateModelState (/opt/visual-studio-code/resources/app/extensions/git/dist/main.js:1:103799)
	at runMicrotasks (<anonymous>)
	at processTicksAndRejections (internal/process/task_queues.js:85:5)
> git config --get commit.template
> git status -z -u
> git symbolic-ref --short HEAD
> git rev-parse master
> git rev-parse --symbolic-full-name master@{u}
> git rev-list --left-right master...refs/remotes/origin/master
> git for-each-ref --format %(refname) %(objectname) --sort -committerdate
> git remote --verbose
Failed to watch ref '/home/paimon/Documents/Coding/Web-Playground-/.git/refs/remotes/origin/master', is most likely packed.
Error: ENOENT: no such file or directory, watch '/home/paimon/Documents/Coding/Web-Playground-/.git/refs/remotes/origin/master'
	at FSWatcher.start (internal/fs/watchers.js:165:26)
	at Object.watch (fs.js:1270:11)
	at Object.t.watch (/opt/visual-studio-code/resources/app/extensions/git/dist/main.js:1:606659)
	at T.updateTransientWatchers (/opt/visual-studio-code/resources/app/extensions/git/dist/main.js:1:84393)
	at e.fire (/opt/visual-studio-code/resources/app/out/vs/workbench/services/extensions/node/extensionHostProcess.js:46:262)
	at e.updateModelState (/opt/visual-studio-code/resources/app/extensions/git/dist/main.js:1:103799)
> git config --get commit.template
> git status -z -u
> git symbolic-ref --short HEAD
> git rev-parse master
> git rev-parse --symbolic-full-name master@{u}
> git rev-list --left-right master...refs/remotes/origin/master
> git for-each-ref --format %(refname) %(objectname) --sort -committerdate
> git remote --verbose
Failed to watch ref '/home/paimon/Documents/Coding/Web-Playground-/.git/refs/remotes/origin/master', is most likely packed.
Error: ENOENT: no such file or directory, watch '/home/paimon/Documents/Coding/Web-Playground-/.git/refs/remotes/origin/master'
	at FSWatcher.start (internal/fs/watchers.js:165:26)
	at Object.watch (fs.js:1270:11)
	at Object.t.watch (/opt/visual-studio-code/resources/app/extensions/git/dist/main.js:1:606659)
	at T.updateTransientWatchers (/opt/visual-studio-code/resources/app/extensions/git/dist/main.js:1:84393)
	at e.fire (/opt/visual-studio-code/resources/app/out/vs/workbench/services/extensions/node/extensionHostProcess.js:46:262)
	at e.updateModelState (/opt/visual-studio-code/resources/app/extensions/git/dist/main.js:1:103799)
> git config --get commit.template
> git show :code/index.html
> git ls-files --stage -- /home/paimon/Documents/Coding/Web-Playground-/code/index.html
> git cat-file -s 92f07237fb24d413c6aa2bc2862bad91daf8f3be
> git status -z -u
> git symbolic-ref --short HEAD
> git rev-parse master
> git rev-parse --symbolic-full-name master@{u}
> git rev-list --left-right master...refs/remotes/origin/master
> git for-each-ref --format %(refname) %(objectname) --sort -committerdate
> git remote --verbose
Failed to watch ref '/home/paimon/Documents/Coding/Web-Playground-/.git/refs/remotes/origin/master', is most likely packed.
Error: ENOENT: no such file or directory, watch '/home/paimon/Documents/Coding/Web-Playground-/.git/refs/remotes/origin/master'
	at FSWatcher.start (internal/fs/watchers.js:165:26)
	at Object.watch (fs.js:1270:11)
	at Object.t.watch (/opt/visual-studio-code/resources/app/extensions/git/dist/main.js:1:606659)
	at T.updateTransientWatchers (/opt/visual-studio-code/resources/app/extensions/git/dist/main.js:1:84393)
	at e.fire (/opt/visual-studio-code/resources/app/out/vs/workbench/services/extensions/node/extensionHostProcess.js:46:262)
	at e.updateModelState (/opt/visual-studio-code/resources/app/extensions/git/dist/main.js:1:103799)
	at processTicksAndRejections (internal/process/task_queues.js:85:5)
> git config --get commit.template
> git status -z -u
> git symbolic-ref --short HEAD
> git rev-parse master
> git rev-parse --symbolic-full-name master@{u}
> git rev-list --left-right master...refs/remotes/origin/master
> git for-each-ref --format %(refname) %(objectname) --sort -committerdate
> git remote --verbose
Failed to watch ref '/home/paimon/Documents/Coding/Web-Playground-/.git/refs/remotes/origin/master', is most likely packed.
Error: ENOENT: no such file or directory, watch '/home/paimon/Documents/Coding/Web-Playground-/.git/refs/remotes/origin/master'
	at FSWatcher.start (internal/fs/watchers.js:165:26)
	at Object.watch (fs.js:1270:11)
	at Object.t.watch (/opt/visual-studio-code/resources/app/extensions/git/dist/main.js:1:606659)
	at T.updateTransientWatchers (/opt/visual-studio-code/resources/app/extensions/git/dist/main.js:1:84393)
	at e.fire (/opt/visual-studio-code/resources/app/out/vs/workbench/services/extensions/node/extensionHostProcess.js:46:262)
	at e.updateModelState (/opt/visual-studio-code/resources/app/extensions/git/dist/main.js:1:103799)
> git config --get commit.template
> git status -z -u
> git symbolic-ref --short HEAD
> git rev-parse master
> git rev-parse --symbolic-full-name master@{u}
> git rev-list --left-right master...refs/remotes/origin/master
> git for-each-ref --format %(refname) %(objectname) --sort -committerdate
> git remote --verbose
Failed to watch ref '/home/paimon/Documents/Coding/Web-Playground-/.git/refs/remotes/origin/master', is most likely packed.
Error: ENOENT: no such file or directory, watch '/home/paimon/Documents/Coding/Web-Playground-/.git/refs/remotes/origin/master'
	at FSWatcher.start (internal/fs/watchers.js:165:26)
	at Object.watch (fs.js:1270:11)
	at Object.t.watch (/opt/visual-studio-code/resources/app/extensions/git/dist/main.js:1:606659)
	at T.updateTransientWatchers (/opt/visual-studio-code/resources/app/extensions/git/dist/main.js:1:84393)
	at e.fire (/opt/visual-studio-code/resources/app/out/vs/workbench/services/extensions/node/extensionHostProcess.js:46:262)
	at e.updateModelState (/opt/visual-studio-code/resources/app/extensions/git/dist/main.js:1:103799)
> git config --get commit.template
> git status -z -u
> git symbolic-ref --short HEAD
> git rev-parse master
> git rev-parse --symbolic-full-name master@{u}
> git rev-list --left-right master...refs/remotes/origin/master
> git for-each-ref --format %(refname) %(objectname) --sort -committerdate
> git remote --verbose
Failed to watch ref '/home/paimon/Documents/Coding/Web-Playground-/.git/refs/remotes/origin/master', is most likely packed.
Error: ENOENT: no such file or directory, watch '/home/paimon/Documents/Coding/Web-Playground-/.git/refs/remotes/origin/master'
	at FSWatcher.start (internal/fs/watchers.js:165:26)
	at Object.watch (fs.js:1270:11)
	at Object.t.watch (/opt/visual-studio-code/resources/app/extensions/git/dist/main.js:1:606659)
	at T.updateTransientWatchers (/opt/visual-studio-code/resources/app/extensions/git/dist/main.js:1:84393)
	at e.fire (/opt/visual-studio-code/resources/app/out/vs/workbench/services/extensions/node/extensionHostProcess.js:46:262)
	at e.updateModelState (/opt/visual-studio-code/resources/app/extensions/git/dist/main.js:1:103799)
> git config --get commit.template
> git status -z -u
> git symbolic-ref --short HEAD
> git rev-parse master
> git rev-parse --symbolic-full-name master@{u}
> git rev-list --left-right master...refs/remotes/origin/master
> git for-each-ref --format %(refname) %(objectname) --sort -committerdate
> git remote --verbose
Failed to watch ref '/home/paimon/Documents/Coding/Web-Playground-/.git/refs/remotes/origin/master', is most likely packed.
Error: ENOENT: no such file or directory, watch '/home/paimon/Documents/Coding/Web-Playground-/.git/refs/remotes/origin/master'
	at FSWatcher.start (internal/fs/watchers.js:165:26)
	at Object.watch (fs.js:1270:11)
	at Object.t.watch (/opt/visual-studio-code/resources/app/extensions/git/dist/main.js:1:606659)
	at T.updateTransientWatchers (/opt/visual-studio-code/resources/app/extensions/git/dist/main.js:1:84393)
	at e.fire (/opt/visual-studio-code/resources/app/out/vs/workbench/services/extensions/node/extensionHostProcess.js:46:262)
	at e.updateModelState (/opt/visual-studio-code/resources/app/extensions/git/dist/main.js:1:103799)
> git config --get commit.template
> git show :code/index.html
> git ls-files --stage -- /home/paimon/Documents/Coding/Web-Playground-/code/index.html
> git cat-file -s 92f07237fb24d413c6aa2bc2862bad91daf8f3be
> git status -z -u
> git symbolic-ref --short HEAD
> git rev-parse master
> git rev-parse --symbolic-full-name master@{u}
> git rev-list --left-right master...refs/remotes/origin/master
> git for-each-ref --format %(refname) %(objectname) --sort -committerdate
> git remote --verbose
Failed to watch ref '/home/paimon/Documents/Coding/Web-Playground-/.git/refs/remotes/origin/master', is most likely packed.
Error: ENOENT: no such file or directory, watch '/home/paimon/Documents/Coding/Web-Playground-/.git/refs/remotes/origin/master'
	at FSWatcher.start (internal/fs/watchers.js:165:26)
	at Object.watch (fs.js:1270:11)
	at Object.t.watch (/opt/visual-studio-code/resources/app/extensions/git/dist/main.js:1:606659)
	at T.updateTransientWatchers (/opt/visual-studio-code/resources/app/extensions/git/dist/main.js:1:84393)
	at e.fire (/opt/visual-studio-code/resources/app/out/vs/workbench/services/extensions/node/extensionHostProcess.js:46:262)
	at e.updateModelState (/opt/visual-studio-code/resources/app/extensions/git/dist/main.js:1:103799)
> git config --get commit.template
> git status -z -u
> git symbolic-ref --short HEAD
> git rev-parse master
> git rev-parse --symbolic-full-name master@{u}
> git rev-list --left-right master...refs/remotes/origin/master
> git for-each-ref --format %(refname) %(objectname) --sort -committerdate
> git remote --verbose
Failed to watch ref '/home/paimon/Documents/Coding/Web-Playground-/.git/refs/remotes/origin/master', is most likely packed.
Error: ENOENT: no such file or directory, watch '/home/paimon/Documents/Coding/Web-Playground-/.git/refs/remotes/origin/master'
	at FSWatcher.start (internal/fs/watchers.js:165:26)
	at Object.watch (fs.js:1270:11)
	at Object.t.watch (/opt/visual-studio-code/resources/app/extensions/git/dist/main.js:1:606659)
	at T.updateTransientWatchers (/opt/visual-studio-code/resources/app/extensions/git/dist/main.js:1:84393)
	at e.fire (/opt/visual-studio-code/resources/app/out/vs/workbench/services/extensions/node/extensionHostProcess.js:46:262)
	at e.updateModelState (/opt/visual-studio-code/resources/app/extensions/git/dist/main.js:1:103799)
> git config --get commit.template
> git status -z -u
> git symbolic-ref --short HEAD
> git rev-parse master
> git rev-parse --symbolic-full-name master@{u}
> git rev-list --left-right master...refs/remotes/origin/master
> git for-each-ref --format %(refname) %(objectname) --sort -committerdate
> git remote --verbose
Failed to watch ref '/home/paimon/Documents/Coding/Web-Playground-/.git/refs/remotes/origin/master', is most likely packed.
Error: ENOENT: no such file or directory, watch '/home/paimon/Documents/Coding/Web-Playground-/.git/refs/remotes/origin/master'
	at FSWatcher.start (internal/fs/watchers.js:165:26)
	at Object.watch (fs.js:1270:11)
	at Object.t.watch (/opt/visual-studio-code/resources/app/extensions/git/dist/main.js:1:606659)
	at T.updateTransientWatchers (/opt/visual-studio-code/resources/app/extensions/git/dist/main.js:1:84393)
	at e.fire (/opt/visual-studio-code/resources/app/out/vs/workbench/services/extensions/node/extensionHostProcess.js:46:262)
	at e.updateModelState (/opt/visual-studio-code/resources/app/extensions/git/dist/main.js:1:103799)
> git config --get commit.template
> git show :code/css/style.css
> git ls-files --stage -- /home/paimon/Documents/Coding/Web-Playground-/code/css/style.css
> git cat-file -s accbb6cb6d7f799d3fb415d0d365c54800d59e11
> git status -z -u
> git symbolic-ref --short HEAD
> git rev-parse master
> git rev-parse --symbolic-full-name master@{u}
> git rev-list --left-right master...refs/remotes/origin/master
> git for-each-ref --format %(refname) %(objectname) --sort -committerdate
> git remote --verbose
Failed to watch ref '/home/paimon/Documents/Coding/Web-Playground-/.git/refs/remotes/origin/master', is most likely packed.
Error: ENOENT: no such file or directory, watch '/home/paimon/Documents/Coding/Web-Playground-/.git/refs/remotes/origin/master'
	at FSWatcher.start (internal/fs/watchers.js:165:26)
	at Object.watch (fs.js:1270:11)
	at Object.t.watch (/opt/visual-studio-code/resources/app/extensions/git/dist/main.js:1:606659)
	at T.updateTransientWatchers (/opt/visual-studio-code/resources/app/extensions/git/dist/main.js:1:84393)
	at e.fire (/opt/visual-studio-code/resources/app/out/vs/workbench/services/extensions/node/extensionHostProcess.js:46:262)
	at e.updateModelState (/opt/visual-studio-code/resources/app/extensions/git/dist/main.js:1:103799)
> git config --get commit.template
> git status -z -u
> git symbolic-ref --short HEAD
> git rev-parse master
> git rev-parse --symbolic-full-name master@{u}
> git rev-list --left-right master...refs/remotes/origin/master
> git for-each-ref --format %(refname) %(objectname) --sort -committerdate
> git remote --verbose
Failed to watch ref '/home/paimon/Documents/Coding/Web-Playground-/.git/refs/remotes/origin/master', is most likely packed.
Error: ENOENT: no such file or directory, watch '/home/paimon/Documents/Coding/Web-Playground-/.git/refs/remotes/origin/master'
	at FSWatcher.start (internal/fs/watchers.js:165:26)
	at Object.watch (fs.js:1270:11)
	at Object.t.watch (/opt/visual-studio-code/resources/app/extensions/git/dist/main.js:1:606659)
	at T.updateTransientWatchers (/opt/visual-studio-code/resources/app/extensions/git/dist/main.js:1:84393)
	at e.fire (/opt/visual-studio-code/resources/app/out/vs/workbench/services/extensions/node/extensionHostProcess.js:46:262)
	at e.updateModelState (/opt/visual-studio-code/resources/app/extensions/git/dist/main.js:1:103799)
	at runMicrotasks (<anonymous>)
	at processTicksAndRejections (internal/process/task_queues.js:85:5)
> git config --get commit.template
> git show :code/index.html
> git ls-files --stage -- /home/paimon/Documents/Coding/Web-Playground-/code/index.html
> git cat-file -s 92f07237fb24d413c6aa2bc2862bad91daf8f3be
> git show :code/css/style.css
> git ls-files --stage -- /home/paimon/Documents/Coding/Web-Playground-/code/css/style.css
> git cat-file -s accbb6cb6d7f799d3fb415d0d365c54800d59e11
> git status -z -u
> git symbolic-ref --short HEAD
> git rev-parse master
> git rev-parse --symbolic-full-name master@{u}
> git rev-list --left-right master...refs/remotes/origin/master
> git for-each-ref --format %(refname) %(objectname) --sort -committerdate
> git remote --verbose
Failed to watch ref '/home/paimon/Documents/Coding/Web-Playground-/.git/refs/remotes/origin/master', is most likely packed.
Error: ENOENT: no such file or directory, watch '/home/paimon/Documents/Coding/Web-Playground-/.git/refs/remotes/origin/master'
	at FSWatcher.start (internal/fs/watchers.js:165:26)
	at Object.watch (fs.js:1270:11)
	at Object.t.watch (/opt/visual-studio-code/resources/app/extensions/git/dist/main.js:1:606659)
	at T.updateTransientWatchers (/opt/visual-studio-code/resources/app/extensions/git/dist/main.js:1:84393)
	at e.fire (/opt/visual-studio-code/resources/app/out/vs/workbench/services/extensions/node/extensionHostProcess.js:46:262)
	at e.updateModelState (/opt/visual-studio-code/resources/app/extensions/git/dist/main.js:1:103799)
> git config --get commit.template
> git status -z -u
> git symbolic-ref --short HEAD
> git rev-parse master
> git rev-parse --symbolic-full-name master@{u}
> git rev-list --left-right master...refs/remotes/origin/master
> git for-each-ref --format %(refname) %(objectname) --sort -committerdate
> git remote --verbose
Failed to watch ref '/home/paimon/Documents/Coding/Web-Playground-/.git/refs/remotes/origin/master', is most likely packed.
Error: ENOENT: no such file or directory, watch '/home/paimon/Documents/Coding/Web-Playground-/.git/refs/remotes/origin/master'
	at FSWatcher.start (internal/fs/watchers.js:165:26)
	at Object.watch (fs.js:1270:11)
	at Object.t.watch (/opt/visual-studio-code/resources/app/extensions/git/dist/main.js:1:606659)
	at T.updateTransientWatchers (/opt/visual-studio-code/resources/app/extensions/git/dist/main.js:1:84393)
	at e.fire (/opt/visual-studio-code/resources/app/out/vs/workbench/services/extensions/node/extensionHostProcess.js:46:262)
	at e.updateModelState (/opt/visual-studio-code/resources/app/extensions/git/dist/main.js:1:103799)
> git config --get commit.template
